<?xml version="1.0" encoding="UTF-8"?>
<!-- Generated by org.testng.reporters.JUnitXMLReporter -->
<testsuite hostname="DESKTOP-3T7M21P" ignored="0" tests="0" failures="0" timestamp="2021-10-13T05:24:09 IST" time="13.724" errors="0">
  <testcase name="@BeforeTest setup" time="13.633" classname="Tests.Tests">
    <failure type="java.lang.IllegalMonitorStateException">
      <![CDATA[java.lang.IllegalMonitorStateException
at java.lang.Object.wait(Native Method)
at Tests.Tests.setup(Tests.java:27)
... Removed 24 stack frames]]>
    </failure>
  </testcase> <!-- @BeforeTest setup -->
  <testcase name="@AfterTest closedrivers" time="-1.634082849207E9" classname="Tests.Tests">
    <skipped/>
  </testcase> <!-- @AfterTest closedrivers -->
</testsuite>
